1744969820.379227 client started (4495): version 3.5a, socket /private/tmp/tmux-501/default, protocol 8
1744969820.379314 on Darwin 24.3.0 Darwin Kernel Version 24.3.0: Thu Jan  2 20:24:22 PST 2025; root:xnu-11215.81.4~3/RELEASE_ARM64_T6041
1744969820.379325 using libevent 2.1.12-stable select
1744969820.379730 using utf8proc 2.10.0
1744969820.379743 using ncurses 6.5 20240427
1744969820.379763 flags are 0x10010000
1744969820.379769 socket is /private/tmp/tmux-501/default
1744969820.379780 trying connect
1744969820.379841 add peer 0x120008000: 6 (0x0)
1744969820.381675 sending message 111 to peer 0x120008000 (8 bytes)
1744969820.381684 sending message 111 to peer 0x120008000 (8 bytes)
1744969820.381690 sending message 101 to peer 0x120008000 (16 bytes)
1744969820.381695 sending message 109 to peer 0x120008000 (4 bytes)
1744969820.381699 sending message 102 to peer 0x120008000 (13 bytes)
1744969820.381704 sending message 108 to peer 0x120008000 (34 bytes)
1744969820.381708 sending message 112 to peer 0x120008000 (70 bytes)
1744969820.381713 sending message 112 to peer 0x120008000 (5 bytes)
1744969820.381717 sending message 112 to peer 0x120008000 (5 bytes)
1744969820.381722 sending message 112 to peer 0x120008000 (6 bytes)
1744969820.381726 sending message 112 to peer 0x120008000 (6 bytes)
1744969820.381730 sending message 112 to peer 0x120008000 (11 bytes)
1744969820.381735 sending message 112 to peer 0x120008000 (10 bytes)
1744969820.381739 sending message 112 to peer 0x120008000 (13 bytes)
1744969820.381743 sending message 112 to peer 0x120008000 (13 bytes)
1744969820.381747 sending message 112 to peer 0x120008000 (18 bytes)
1744969820.381752 sending message 112 to peer 0x120008000 (11 bytes)
1744969820.381756 sending message 112 to peer 0x120008000 (21 bytes)
1744969820.381760 sending message 112 to peer 0x120008000 (13 bytes)
1744969820.381765 sending message 112 to peer 0x120008000 (7 bytes)
1744969820.381769 sending message 112 to peer 0x120008000 (13 bytes)
1744969820.381773 sending message 112 to peer 0x120008000 (7 bytes)
1744969820.381778 sending message 112 to peer 0x120008000 (13 bytes)
1744969820.381782 sending message 112 to peer 0x120008000 (9 bytes)
1744969820.381787 sending message 112 to peer 0x120008000 (21 bytes)
1744969820.381791 sending message 112 to peer 0x120008000 (13 bytes)
1744969820.381795 sending message 112 to peer 0x120008000 (8 bytes)
1744969820.381799 sending message 112 to peer 0x120008000 (12 bytes)
1744969820.381803 sending message 112 to peer 0x120008000 (13 bytes)
1744969820.381808 sending message 112 to peer 0x120008000 (9 bytes)
1744969820.381812 sending message 112 to peer 0x120008000 (9 bytes)
1744969820.381816 sending message 112 to peer 0x120008000 (12 bytes)
1744969820.381820 sending message 112 to peer 0x120008000 (8 bytes)
1744969820.381825 sending message 112 to peer 0x120008000 (7 bytes)
1744969820.381829 sending message 112 to peer 0x120008000 (7 bytes)
1744969820.381833 sending message 112 to peer 0x120008000 (9 bytes)
1744969820.381838 sending message 112 to peer 0x120008000 (13 bytes)
1744969820.381842 sending message 112 to peer 0x120008000 (9 bytes)
1744969820.381847 sending message 112 to peer 0x120008000 (15 bytes)
1744969820.381851 sending message 112 to peer 0x120008000 (13 bytes)
1744969820.381855 sending message 112 to peer 0x120008000 (12 bytes)
1744969820.381860 sending message 112 to peer 0x120008000 (8 bytes)
1744969820.381864 sending message 112 to peer 0x120008000 (14 bytes)
1744969820.381868 sending message 112 to peer 0x120008000 (9 bytes)
1744969820.381873 sending message 112 to peer 0x120008000 (10 bytes)
1744969820.381877 sending message 112 to peer 0x120008000 (10 bytes)
1744969820.381881 sending message 112 to peer 0x120008000 (10 bytes)
1744969820.381885 sending message 112 to peer 0x120008000 (10 bytes)
1744969820.381889 sending message 112 to peer 0x120008000 (11 bytes)
1744969820.381893 sending message 112 to peer 0x120008000 (10 bytes)
1744969820.381898 sending message 112 to peer 0x120008000 (8 bytes)
1744969820.381902 sending message 112 to peer 0x120008000 (11 bytes)
1744969820.381915 sending message 112 to peer 0x120008000 (11 bytes)
1744969820.381918 sending message 112 to peer 0x120008000 (11 bytes)
1744969820.381921 sending message 112 to peer 0x120008000 (8 bytes)
1744969820.381925 sending message 112 to peer 0x120008000 (8 bytes)
1744969820.381928 sending message 112 to peer 0x120008000 (8 bytes)
1744969820.381930 sending message 112 to peer 0x120008000 (10 bytes)
1744969820.381933 sending message 112 to peer 0x120008000 (10 bytes)
1744969820.381937 sending message 112 to peer 0x120008000 (10 bytes)
1744969820.381939 sending message 112 to peer 0x120008000 (10 bytes)
1744969820.381942 sending message 112 to peer 0x120008000 (10 bytes)
1744969820.381945 sending message 112 to peer 0x120008000 (11 bytes)
1744969820.381948 sending message 112 to peer 0x120008000 (11 bytes)
1744969820.381951 sending message 112 to peer 0x120008000 (10 bytes)
1744969820.381954 sending message 112 to peer 0x120008000 (9 bytes)
1744969820.381957 sending message 112 to peer 0x120008000 (9 bytes)
1744969820.381960 sending message 112 to peer 0x120008000 (12 bytes)
1744969820.381963 sending message 112 to peer 0x120008000 (9 bytes)
1744969820.381966 sending message 112 to peer 0x120008000 (6 bytes)
1744969820.381968 sending message 112 to peer 0x120008000 (13 bytes)
1744969820.381971 sending message 112 to peer 0x120008000 (8 bytes)
1744969820.381974 sending message 112 to peer 0x120008000 (15 bytes)
1744969820.381977 sending message 112 to peer 0x120008000 (13 bytes)
1744969820.381980 sending message 112 to peer 0x120008000 (70 bytes)
1744969820.381983 sending message 112 to peer 0x120008000 (69 bytes)
1744969820.381985 sending message 112 to peer 0x120008000 (10 bytes)
1744969820.381988 sending message 112 to peer 0x120008000 (8 bytes)
1744969820.381991 sending message 112 to peer 0x120008000 (15 bytes)
1744969820.381993 sending message 112 to peer 0x120008000 (13 bytes)
1744969820.381996 sending message 112 to peer 0x120008000 (10 bytes)
1744969820.381998 sending message 112 to peer 0x120008000 (10 bytes)
1744969820.382000 sending message 112 to peer 0x120008000 (5 bytes)
1744969820.382003 sending message 112 to peer 0x120008000 (15 bytes)
1744969820.382006 sending message 104 to peer 0x120008000 (0 bytes)
1744969820.382010 sending message 110 to peer 0x120008000 (0 bytes)
1744969820.382013 sending message 107 to peer 0x120008000 (4 bytes)
1744969820.382015 sending message 105 to peer 0x120008000 (26 bytes)
1744969820.382018 sending message 105 to peer 0x120008000 (20 bytes)
1744969820.382020 sending message 105 to peer 0x120008000 (54 bytes)
1744969820.382023 sending message 105 to peer 0x120008000 (42 bytes)
1744969820.382025 sending message 105 to peer 0x120008000 (14 bytes)
1744969820.382028 sending message 105 to peer 0x120008000 (35 bytes)
1744969820.382030 sending message 105 to peer 0x120008000 (43 bytes)
1744969820.382032 sending message 105 to peer 0x120008000 (57 bytes)
1744969820.382035 sending message 105 to peer 0x120008000 (60 bytes)
1744969820.382037 sending message 105 to peer 0x120008000 (46 bytes)
1744969820.382040 sending message 105 to peer 0x120008000 (42 bytes)
1744969820.382042 sending message 105 to peer 0x120008000 (38 bytes)
1744969820.382045 sending message 105 to peer 0x120008000 (72 bytes)
1744969820.382047 sending message 105 to peer 0x120008000 (18 bytes)
1744969820.382050 sending message 105 to peer 0x120008000 (25 bytes)
1744969820.382052 sending message 105 to peer 0x120008000 (42 bytes)
1744969820.382055 sending message 105 to peer 0x120008000 (14 bytes)
1744969820.382057 sending message 105 to peer 0x120008000 (764 bytes)
1744969820.382060 sending message 105 to peer 0x120008000 (43 bytes)
1744969820.382063 sending message 105 to peer 0x120008000 (21 bytes)
1744969820.382065 sending message 105 to peer 0x120008000 (60 bytes)
1744969820.382068 sending message 105 to peer 0x120008000 (36 bytes)
1744969820.382070 sending message 105 to peer 0x120008000 (24 bytes)
1744969820.382073 sending message 105 to peer 0x120008000 (67 bytes)
1744969820.382075 sending message 105 to peer 0x120008000 (18 bytes)
1744969820.382084 sending message 105 to peer 0x120008000 (29 bytes)
1744969820.382087 sending message 105 to peer 0x120008000 (144 bytes)
1744969820.382089 sending message 105 to peer 0x120008000 (17 bytes)
1744969820.382092 sending message 105 to peer 0x120008000 (40 bytes)
1744969820.382094 sending message 105 to peer 0x120008000 (19 bytes)
1744969820.382097 sending message 105 to peer 0x120008000 (66 bytes)
1744969820.382099 sending message 105 to peer 0x120008000 (8 bytes)
1744969820.382101 sending message 105 to peer 0x120008000 (15 bytes)
1744969820.382104 sending message 105 to peer 0x120008000 (38 bytes)
1744969820.382107 sending message 105 to peer 0x120008000 (21 bytes)
1744969820.382109 sending message 105 to peer 0x120008000 (29 bytes)
1744969820.382111 sending message 105 to peer 0x120008000 (22 bytes)
1744969820.382114 sending message 105 to peer 0x120008000 (37 bytes)
1744969820.382116 sending message 105 to peer 0x120008000 (18 bytes)
1744969820.382119 sending message 105 to peer 0x120008000 (14 bytes)
1744969820.382121 sending message 106 to peer 0x120008000 (0 bytes)
1744969820.382162 sending message 200 to peer 0x120008000 (4 bytes)
1744969820.382166 client loop enter
1744969820.382335 peer 0x120008000 message 303
1744969820.382352 open write file 2 -
1744969820.382369 sending message 305 to peer 0x120008000 (8 bytes)
1744969820.382380 write check file 2
1744969820.382439 peer 0x120008000 message 304
1744969820.382444 write 58 to file 2
1744969820.382449 peer 0x120008000 message 203
1744969820.382452 file 2 58 bytes left
1744969820.382464 write check file 2
1744969820.382468 client loop exit
